<?xml version="1.0" encoding="UTF-8"?>
<!-- Generated by org.testng.reporters.JUnitReportReporter -->
<testsuite skipped="0" hostname="DELL-PC" name="testPackage.TestClass" tests="1" failures="0" timestamp="29 Sep 2020 11:15:38 GMT" time="185.731" errors="0">
  <testcase name="FacebookSignUp" time="185.731" classname="testPackage.TestClass"/>
</testsuite> <!-- testPackage.TestClass -->
