<?xml version="1.0" encoding="UTF-8"?>
<!-- Generated by org.testng.reporters.JUnitReportReporter -->
<testsuite skipped="0" hostname="DELL-PC" name="testBasePackage.TestBase" tests="1" failures="0" timestamp="27 Sep 2020 10:58:24 GMT" time="4.835" errors="0">
  <testcase name="getCellData" time="4.835" classname="testBasePackage.TestBase"/>
</testsuite> <!-- testBasePackage.TestBase -->
